mode: set
proto-game-server/router/logger.go:25.40,27.2 1 1
proto-game-server/router/logger.go:29.62,31.2 1 1
proto-game-server/router/logger.go:33.48,35.2 1 0
proto-game-server/router/logger.go:37.50,39.2 1 0
proto-game-server/router/logger.go:41.51,43.2 1 0
proto-game-server/router/logger.go:45.49,47.2 1 0
proto-game-server/router/logger.go:49.52,51.2 1 1
proto-game-server/router/route.go:11.71,15.16 3 1
proto-game-server/router/route.go:19.2,22.19 4 1
proto-game-server/router/route.go:15.16,17.3 1 0
proto-game-server/router/route.go:25.42,27.2 1 1
proto-game-server/router/route.go:29.38,32.2 2 1
proto-game-server/router/router.go:21.40,22.19 1 1
proto-game-server/router/router.go:26.2,27.39 2 1
proto-game-server/router/router.go:31.2,31.32 1 1
proto-game-server/router/router.go:22.19,24.3 1 1
proto-game-server/router/router.go:27.39,29.3 1 1
proto-game-server/router/router.go:34.90,36.16 2 1
proto-game-server/router/router.go:40.2,41.8 2 1
proto-game-server/router/router.go:36.16,37.13 1 0
proto-game-server/router/router.go:41.8,43.3 1 1
proto-game-server/router/router.go:46.63,48.16 2 1
proto-game-server/router/router.go:52.2,52.39 1 1
proto-game-server/router/router.go:48.16,49.13 1 0
proto-game-server/router/router.go:52.39,54.3 1 1
proto-game-server/router/router.go:57.66,59.2 1 1
proto-game-server/router/router.go:61.67,63.2 1 1
proto-game-server/router/router.go:65.69,67.2 1 1
proto-game-server/router/router.go:69.66,71.2 1 1
proto-game-server/router/router.go:73.70,75.2 1 1
proto-game-server/router/router.go:77.75,84.8 5 1
proto-game-server/router/router.go:94.2,95.88 2 1
proto-game-server/router/router.go:84.8,85.32 1 1
proto-game-server/router/router.go:85.32,86.24 1 1
proto-game-server/router/router.go:86.24,89.5 2 1
proto-game-server/router/router.go:98.41,99.34 1 1
proto-game-server/router/router.go:99.34,101.3 1 1
proto-game-server/router/urlparser.go:40.61,47.38 4 1
proto-game-server/router/urlparser.go:60.2,65.15 4 1
proto-game-server/router/urlparser.go:47.38,49.14 2 1
proto-game-server/router/urlparser.go:53.3,53.47 1 1
proto-game-server/router/urlparser.go:49.14,50.12 1 1
proto-game-server/router/urlparser.go:53.47,56.4 2 1
proto-game-server/router/urlparser.go:68.41,70.2 1 1
proto-game-server/router/urlparser.go:72.47,74.2 1 1
proto-game-server/router/urlparser.go:76.60,81.38 3 1
proto-game-server/router/urlparser.go:85.2,85.21 1 1
proto-game-server/router/urlparser.go:81.38,83.3 1 1
proto-game-server/router/context.go:93.79,101.2 1 1
proto-game-server/router/context.go:103.36,105.2 1 0
proto-game-server/router/context.go:107.43,109.2 1 1
proto-game-server/router/context.go:111.48,113.2 1 0
proto-game-server/router/context.go:115.42,117.2 1 0
proto-game-server/router/context.go:119.52,122.16 2 0
proto-game-server/router/context.go:126.2,126.12 1 0
proto-game-server/router/context.go:122.16,124.3 1 0
proto-game-server/router/context.go:129.51,131.2 1 0
proto-game-server/router/context.go:133.48,135.2 1 0
proto-game-server/router/context.go:137.52,138.17 1 0
proto-game-server/router/context.go:143.2,143.30 1 0
proto-game-server/router/context.go:138.17,141.3 2 0
proto-game-server/router/context.go:146.34,148.2 1 0
proto-game-server/router/context.go:150.39,152.2 1 1
proto-game-server/router/context.go:154.68,155.53 1 0
proto-game-server/router/context.go:159.2,159.12 1 0
proto-game-server/router/context.go:155.53,157.3 1 0
proto-game-server/router/context.go:162.49,164.2 1 0
proto-game-server/router/context.go:166.58,169.32 2 0
proto-game-server/router/context.go:178.2,178.64 1 0
proto-game-server/router/context.go:169.32,171.17 2 0
proto-game-server/router/context.go:175.3,175.20 1 0
proto-game-server/router/context.go:171.17,173.4 1 0
proto-game-server/router/context.go:181.54,188.41 2 0
proto-game-server/router/context.go:192.2,192.38 1 0
proto-game-server/router/context.go:198.2,198.19 1 0
proto-game-server/router/context.go:188.41,190.3 1 0
proto-game-server/router/context.go:192.38,193.23 1 0
proto-game-server/router/context.go:193.23,195.4 1 0
proto-game-server/router/context.go:201.67,203.12 2 0
proto-game-server/router/context.go:207.2,208.9 2 0
proto-game-server/router/context.go:212.2,212.18 1 0
proto-game-server/router/context.go:203.12,205.3 1 0
proto-game-server/router/context.go:208.9,210.3 1 0
proto-game-server/router/context.go:215.48,217.2 1 0
proto-game-server/router/context.go:219.57,222.32 2 0
proto-game-server/router/context.go:232.2,232.65 1 0
proto-game-server/router/context.go:222.32,225.17 2 0
proto-game-server/router/context.go:229.3,229.20 1 0
proto-game-server/router/context.go:225.17,227.4 1 0
proto-game-server/router/context.go:235.60,238.2 2 0
proto-game-server/router/context.go:240.62,242.2 1 0
proto-game-server/router/context.go:244.63,246.2 1 0
proto-game-server/router/context.go:248.56,249.21 1 0
proto-game-server/router/context.go:253.2,254.12 2 0
proto-game-server/router/context.go:249.21,251.3 1 0
proto-game-server/router/context.go:257.35,259.2 1 0
proto-game-server/router/context.go:261.40,264.2 2 1
proto-game-server/router/context.go:266.49,268.2 1 0
proto-game-server/router/context.go:270.54,272.2 1 1
proto-game-server/router/context.go:274.45,276.2 1 0
